<?xml version="1.0" encoding="UTF-8"?>
<!-- Generated by org.testng.reporters.JUnitXMLReporter -->
<testsuite hostname="DESKTOP-GP6I1F7" ignored="0" name="Test" tests="12" failures="1" timestamp="30 Jul 2020 14:43:41 GMT" time="50.561" errors="0">
  <testcase name="loginTest" time="2.55" classname="MiniProject.Flipkart.com.FlipkartTestClass"/>
  <testcase name="titileTest" time="0.01" classname="MiniProject.Flipkart.com.FlipkartTestClass"/>
  <testcase name="searchBarTest" time="0.121" classname="MiniProject.Flipkart.com.FlipkartTestClass"/>
  <testcase name="HeadImageTest" time="0.085" classname="MiniProject.Flipkart.com.FlipkartTestClass"/>
  <testcase name="searchTVtest" time="6.093" classname="MiniProject.Flipkart.com.FlipkartTestClass"/>
  <testcase name="addFirstTvTest" time="15.213" classname="MiniProject.Flipkart.com.FlipkartTestClass"/>
  <testcase name="addSecondTvTest" time="10.391" classname="MiniProject.Flipkart.com.FlipkartTestClass"/>
  <testcase name="displayFirstAmount" time="0.451" classname="MiniProject.Flipkart.com.FlipkartTestClass"/>
  <testcase name="searchAcTest" time="2.577" classname="MiniProject.Flipkart.com.FlipkartTestClass"/>
  <testcase name="addACtest" time="7.342" classname="MiniProject.Flipkart.com.FlipkartTestClass"/>
  <testcase name="DisplayTotalamount" time="5.092" classname="MiniProject.Flipkart.com.FlipkartTestClass">
    <failure type="org.openqa.selenium.NoSuchElementException" message="no such element: Unable to locate element: {&amp;quot;method&amp;quot;:&amp;quot;xpath&amp;quot;,&amp;quot;selector&amp;quot;:&amp;quot;/html/body/div[1]/div/div[2]/div/div/div[2]/div[1]/div/div/div/div[3]/div/span/div/div&amp;quot;}
  (Session info: chrome=84.0.4147.105)
For documentation on this error, please visit: https://www.seleniumhq.org/exceptions/no_such_element.html
Build info: version: &amp;apos;3.141.59&amp;apos;, revision: &amp;apos;e82be7d358&amp;apos;, time: &amp;apos;2018-11-14T08:17:03&amp;apos;
System info: host: &amp;apos;DESKTOP-GP6I1F7&amp;apos;, ip: &amp;apos;192.168.0.5&amp;apos;, os.name: &amp;apos;Windows 10&amp;apos;, os.arch: &amp;apos;amd64&amp;apos;, os.version: &amp;apos;10.0&amp;apos;, java.version: &amp;apos;1.8.0_251&amp;apos;
Driver info: org.openqa.selenium.chrome.ChromeDriver
Capabilities {acceptInsecureCerts: false, browserName: chrome, browserVersion: 84.0.4147.105, chrome: {chromedriverVersion: 84.0.4147.30 (48b3e868b4cc0..., userDataDir: C:\Users\SUKANNYA\AppData\L...}, goog:chromeOptions: {debuggerAddress: localhost:59925}, javascriptEnabled: true, networkConnectionEnabled: false, pageLoadStrategy: normal, platform: WINDOWS, platformName: WINDOWS, proxy: Proxy(), setWindowRect: true, strictFileInteractability: false, timeouts: {implicit: 0, pageLoad: 300000, script: 30000}, unhandledPromptBehavior: dismiss and notify, webauthn:virtualAuthenticators: true}
Session ID: 2cd4919bbf9838bb3633a3852c55503a
*** Element info: {Using=xpath, value=/html/body/div[1]/div/div[2]/div/div/div[2]/div[1]/div/div/div/div[3]/div/span/div/div}">
      <![CDATA[org.openqa.selenium.NoSuchElementException: no such element: Unable to locate element: {"method":"xpath","selector":"/html/body/div[1]/div/div[2]/div/div/div[2]/div[1]/div/div/div/div[3]/div/span/div/div"}
  (Session info: chrome=84.0.4147.105)
For documentation on this error, please visit: https://www.seleniumhq.org/exceptions/no_such_element.html
Build info: version: '3.141.59', revision: 'e82be7d358', time: '2018-11-14T08:17:03'
System info: host: 'DESKTOP-GP6I1F7', ip: '192.168.0.5', os.name: 'Windows 10', os.arch: 'amd64', os.version: '10.0', java.version: '1.8.0_251'
Driver info: org.openqa.selenium.chrome.ChromeDriver
Capabilities {acceptInsecureCerts: false, browserName: chrome, browserVersion: 84.0.4147.105, chrome: {chromedriverVersion: 84.0.4147.30 (48b3e868b4cc0..., userDataDir: C:\Users\SUKANNYA\AppData\L...}, goog:chromeOptions: {debuggerAddress: localhost:59925}, javascriptEnabled: true, networkConnectionEnabled: false, pageLoadStrategy: normal, platform: WINDOWS, platformName: WINDOWS, proxy: Proxy(), setWindowRect: true, strictFileInteractability: false, timeouts: {implicit: 0, pageLoad: 300000, script: 30000}, unhandledPromptBehavior: dismiss and notify, webauthn:virtualAuthenticators: true}
Session ID: 2cd4919bbf9838bb3633a3852c55503a
*** Element info: {Using=xpath, value=/html/body/div[1]/div/div[2]/div/div/div[2]/div[1]/div/div/div/div[3]/div/span/div/div}
at org.openqa.selenium.remote.http.W3CHttpResponseCodec.createException(W3CHttpResponseCodec.java:187)
at org.openqa.selenium.remote.http.W3CHttpResponseCodec.decode(W3CHttpResponseCodec.java:122)
at org.openqa.selenium.remote.http.W3CHttpResponseCodec.decode(W3CHttpResponseCodec.java:49)
at org.openqa.selenium.remote.HttpCommandExecutor.execute(HttpCommandExecutor.java:158)
at org.openqa.selenium.remote.service.DriverCommandExecutor.execute(DriverCommandExecutor.java:83)
at org.openqa.selenium.remote.RemoteWebDriver.execute(RemoteWebDriver.java:552)
at org.openqa.selenium.remote.RemoteWebDriver.findElement(RemoteWebDriver.java:323)
at org.openqa.selenium.remote.RemoteWebDriver.findElementByXPath(RemoteWebDriver.java:428)
at org.openqa.selenium.By$ByXPath.findElement(By.java:353)
at org.openqa.selenium.remote.RemoteWebDriver.findElement(RemoteWebDriver.java:315)
at AddAppliance.AddAppliances.displayTotalAmount(AddAppliances.java:127)
at MiniProject.Flipkart.com.FlipkartTestClass.DisplayTotalamount(FlipkartTestClass.java:114)
... Removed 32 stack frames]]>
    </failure>
  </testcase> <!-- DisplayTotalamount -->
  <testcase name="ScreenshotTest" time="0.521" classname="MiniProject.Flipkart.com.FlipkartTestClass"/>
</testsuite> <!-- Test -->
